<?xml version="1.0" encoding="UTF-8"?>
<!-- Generated by org.testng.reporters.JUnitReportReporter -->
<testsuite hostname="MacBook-Pro-toutes-ALEXANDROS-3.local" name="com.pollfishqa.quality.PollfishQATest" tests="2" failures="0" timestamp="26 May 2021 17:12:17 GMT" time="2.082" errors="0">
  <testcase name="testStep_1" time="0.500" classname="com.pollfishqa.quality.PollfishQATest"/>
  <testcase name="testStep_2" time="1.582" classname="com.pollfishqa.quality.PollfishQATest"/>
</testsuite> <!-- com.pollfishqa.quality.PollfishQATest -->
